D:\WORK\VSSTEST\CONNECTMYSQL\CONNECTMYSQL\X64\DEBUG\ANALYTICINSTRUCT.OBJ
D:\Work\VSSTEST\ConnectMySql\ConnectMySql\x64\Debug\cl.command.1.tlog
D:\Work\VSSTEST\ConnectMySql\ConnectMySql\x64\Debug\CL.read.1.tlog
D:\Work\VSSTEST\ConnectMySql\ConnectMySql\x64\Debug\CL.write.1.tlog
D:\WORK\VSSTEST\CONNECTMYSQL\CONNECTMYSQL\X64\DEBUG\CONNECT.OBJ
D:\WORK\VSSTEST\CONNECTMYSQL\CONNECTMYSQL\X64\DEBUG\CONNECTMYSQL.EXE.INTERMEDIATE.MANIFEST
D:\Work\VSSTEST\ConnectMySql\ConnectMySql\x64\Debug\ConnectMySql.vcxprojResolveAssemblyReference.cache
D:\Work\VSSTEST\ConnectMySql\ConnectMySql\x64\Debug\ConnectMySql.write.1.tlog
D:\Work\VSSTEST\ConnectMySql\ConnectMySql\x64\Debug\link.64760.read.1.tlog
D:\Work\VSSTEST\ConnectMySql\ConnectMySql\x64\Debug\link.64760.write.1.tlog
D:\Work\VSSTEST\ConnectMySql\ConnectMySql\x64\Debug\link.65116.read.1.tlog
D:\Work\VSSTEST\ConnectMySql\ConnectMySql\x64\Debug\link.65116.write.1.tlog
D:\Work\VSSTEST\ConnectMySql\ConnectMySql\x64\Debug\link.command.1.tlog
D:\Work\VSSTEST\ConnectMySql\ConnectMySql\x64\Debug\link.read.1.tlog
D:\Work\VSSTEST\ConnectMySql\ConnectMySql\x64\Debug\link.write.1.tlog
D:\Work\VSSTEST\ConnectMySql\ConnectMySql\x64\Debug\mt.command.1.tlog
D:\Work\VSSTEST\ConnectMySql\ConnectMySql\x64\Debug\mt.read.1.tlog
D:\Work\VSSTEST\ConnectMySql\ConnectMySql\x64\Debug\mt.write.1.tlog
D:\Work\VSSTEST\ConnectMySql\ConnectMySql\x64\Debug\vc100.idb
D:\WORK\VSSTEST\CONNECTMYSQL\CONNECTMYSQL\X64\DEBUG\VC100.PDB
D:\WORK\VSSTEST\CONNECTMYSQL\X64\DEBUG\CONNECTMYSQL.EXE
D:\WORK\VSSTEST\CONNECTMYSQL\X64\DEBUG\CONNECTMYSQL.EXE.MANIFEST
D:\WORK\VSSTEST\CONNECTMYSQL\X64\DEBUG\CONNECTMYSQL.ILK
D:\WORK\VSSTEST\CONNECTMYSQL\X64\DEBUG\CONNECTMYSQL.PDB
