生成启动时间为 2014/11/15 17:22:40。
     1>项目“D:\Work\VSSTEST\ConnectMySql\ConnectMySql\ConnectMySql.vcxproj”在节点 2 上(build 个目标)。
     1>InitializeBuildStatus:
         正在创建“x64\Debug\ConnectMySql.unsuccessfulbuild”，因为已指定“AlwaysCreate”。
       ClCompile:
         C:\Program Files (x86)\Microsoft Visual Studio 10.0\VC\bin\x86_amd64\CL.exe /c /I"C:\Program Files\MySQL\MySQL Server 5.6\include" /Zi /nologo /W3 /WX- /Od /D WIN32 /D _DEBUG /D _CONSOLE /D _MBCS /Gm /EHsc /RTC1 /MTd /GS /fp:precise /Zc:wchar_t /Zc:forScope /Fo"x64\Debug\\" /Fd"x64\Debug\vc100.pdb" /Gd /TP /errorReport:prompt AnalyticInstruct.cpp connect.cpp
         connect.cpp
         _WIN32_WINNT not defined. Defaulting to _WIN32_WINNT_MAXVER (see WinSDKVer.h)
     1>connect.cpp(30): warning C4267: “=”: 从“size_t”转换到“int”，可能丢失数据
         AnalyticInstruct.cpp
         _WIN32_WINNT not defined. Defaulting to _WIN32_WINNT_MAXVER (see WinSDKVer.h)
     1>AnalyticInstruct.cpp(67): warning C4996: 'strcpy': This function or variable may be unsafe. Consider using strcpy_s instead. To disable deprecation, use _CRT_SECURE_NO_WARNINGS. See online help for details.
                 C:\Program Files (x86)\Microsoft Visual Studio 10.0\VC\include\string.h(105) : 参见“strcpy”的声明
     1>AnalyticInstruct.cpp(106): warning C4996: 'strcpy': This function or variable may be unsafe. Consider using strcpy_s instead. To disable deprecation, use _CRT_SECURE_NO_WARNINGS. See online help for details.
                 C:\Program Files (x86)\Microsoft Visual Studio 10.0\VC\include\string.h(105) : 参见“strcpy”的声明
     1>AnalyticInstruct.cpp(135): warning C4996: 'strcpy': This function or variable may be unsafe. Consider using strcpy_s instead. To disable deprecation, use _CRT_SECURE_NO_WARNINGS. See online help for details.
                 C:\Program Files (x86)\Microsoft Visual Studio 10.0\VC\include\string.h(105) : 参见“strcpy”的声明
     1>AnalyticInstruct.cpp(174): warning C4996: 'strcpy': This function or variable may be unsafe. Consider using strcpy_s instead. To disable deprecation, use _CRT_SECURE_NO_WARNINGS. See online help for details.
                 C:\Program Files (x86)\Microsoft Visual Studio 10.0\VC\include\string.h(105) : 参见“strcpy”的声明
     1>AnalyticInstruct.cpp(222): warning C4996: 'strcpy': This function or variable may be unsafe. Consider using strcpy_s instead. To disable deprecation, use _CRT_SECURE_NO_WARNINGS. See online help for details.
                 C:\Program Files (x86)\Microsoft Visual Studio 10.0\VC\include\string.h(105) : 参见“strcpy”的声明
     1>AnalyticInstruct.cpp(270): warning C4996: 'strcpy': This function or variable may be unsafe. Consider using strcpy_s instead. To disable deprecation, use _CRT_SECURE_NO_WARNINGS. See online help for details.
                 C:\Program Files (x86)\Microsoft Visual Studio 10.0\VC\include\string.h(105) : 参见“strcpy”的声明
         Generating Code...
       Link:
         C:\Program Files (x86)\Microsoft Visual Studio 10.0\VC\bin\x86_amd64\link.exe /ERRORREPORT:PROMPT /OUT:"D:\Work\VSSTEST\ConnectMySql\x64\Debug\ConnectMySql.exe" /INCREMENTAL /NOLOGO /LIBPATH:"C:\Program Files\MySQL\MySQL Server 5.6\lib" libmysql.lib /MANIFEST /ManifestFile:"x64\Debug\ConnectMySql.exe.intermediate.manifest" /MANIFESTUAC:"level='asInvoker' uiAccess='false'" /DEBUG /PDB:"D:\Work\VSSTEST\ConnectMySql\x64\Debug\ConnectMySql.pdb" /SUBSYSTEM:CONSOLE /TLBID:1 /DYNAMICBASE /NXCOMPAT /IMPLIB:"D:\Work\VSSTEST\ConnectMySql\x64\Debug\ConnectMySql.lib" /MACHINE:X64 x64\Debug\AnalyticInstruct.obj
         x64\Debug\connect.obj
         ConnectMySql.vcxproj -> D:\Work\VSSTEST\ConnectMySql\x64\Debug\ConnectMySql.exe
       Manifest:
         C:\Program Files (x86)\Microsoft SDKs\Windows\v7.0A\bin\mt.exe /nologo /verbose /out:"D:\Work\VSSTEST\ConnectMySql\x64\Debug\ConnectMySql.exe.manifest" /manifest x64\Debug\ConnectMySql.exe.intermediate.manifest "C:\Program Files (x86)\Microsoft Visual Studio 10.0\VC\Include\Manifest\dpiaware.manifest"
       FinalizeBuildStatus:
         正在删除文件“x64\Debug\ConnectMySql.unsuccessfulbuild”。
         正在对“x64\Debug\ConnectMySql.lastbuildstate”执行 Touch 任务。
     1>已完成生成项目“D:\Work\VSSTEST\ConnectMySql\ConnectMySql\ConnectMySql.vcxproj”(build 个目标)的操作。

生成成功。

已用时间 00:00:04.47
